<?xml version="1.0" encoding="UTF-8"?>
<testng-results ignored="0" total="1" passed="1" failed="0" skipped="0">
  <reporter-output>
  </reporter-output>
  <suite started-at="2023-11-21T18:57:41 IST" name="Default suite" finished-at="2023-11-21T18:57:41 IST" duration-ms="66">
    <groups>
    </groups>
    <test started-at="2023-11-21T18:57:41 IST" name="Default test" finished-at="2023-11-21T18:57:41 IST" duration-ms="66">
      <class name="seleniumonlineTY.JavaProgram">
        <test-method signature="testing()[pri:0, instance:seleniumonlineTY.JavaProgram@69e1dd28]" started-at="2023-11-21T18:57:41 IST" name="testing" finished-at="2023-11-21T18:57:41 IST" duration-ms="12" status="PASS">
          <reporter-output>
          </reporter-output>
        </test-method> <!-- testing -->
      </class> <!-- seleniumonlineTY.JavaProgram -->
    </test> <!-- Default test -->
  </suite> <!-- Default suite -->
</testng-results>
